<?xml version="1.0" encoding="UTF-8"?>
<testng-results ignored="0" total="2" passed="1" failed="1" skipped="0">
  <reporter-output>
  </reporter-output>
<<<<<<< HEAD
  <suite started-at="2025-02-27T11:49:03 IST" name="Default suite" finished-at="2025-02-27T11:49:12 IST" duration-ms="8979">
=======
  <suite started-at="2025-02-26T22:19:17 IST" name="Default suite" finished-at="2025-02-26T22:19:28 IST" duration-ms="11505">
>>>>>>> branch 'master' of https://github.com/Rakeshnkholi/Info.git
    <groups>
    </groups>
<<<<<<< HEAD
    <test started-at="2025-02-27T11:49:03 IST" name="Default test" finished-at="2025-02-27T11:49:12 IST" duration-ms="8979">
      <class name="com.sun.tests.LoginTest">
        <test-method is-config="true" signature="setup()[pri:0, instance:com.sun.tests.LoginTest@5a772895]" started-at="2025-02-27T11:49:03 IST" name="setup" finished-at="2025-02-27T11:49:10 IST" duration-ms="6862" status="PASS">
=======
    <test started-at="2025-02-26T22:19:17 IST" name="Default test" finished-at="2025-02-26T22:19:28 IST" duration-ms="11505">
      <class name="com.sun.tests.AddcartTest">
        <test-method is-config="true" signature="setup()[pri:0, instance:com.sun.tests.AddcartTest@54336c81]" started-at="2025-02-26T22:19:17 IST" name="setup" finished-at="2025-02-26T22:19:21 IST" duration-ms="4563" status="PASS">
>>>>>>> branch 'master' of https://github.com/Rakeshnkholi/Info.git
          <reporter-output>
          </reporter-output>
        </test-method> <!-- setup -->
<<<<<<< HEAD
        <test-method signature="Testlogin(java.lang.String,java.lang.String)[pri:0, instance:com.sun.tests.LoginTest@5a772895]" started-at="2025-02-27T11:49:11 IST" name="Testlogin" data-provider="loginData" finished-at="2025-02-27T11:49:11 IST" duration-ms="759" status="PASS">
=======
        <test-method signature="clickonAddcart(java.lang.String,java.lang.String,java.lang.String)[pri:0, instance:com.sun.tests.AddcartTest@54336c81]" started-at="2025-02-26T22:19:21 IST" name="clickonAddcart" data-provider="checkoutData" finished-at="2025-02-26T22:19:23 IST" duration-ms="2250" status="PASS">
>>>>>>> branch 'master' of https://github.com/Rakeshnkholi/Info.git
          <params>
            <param index="0">
              <value>
                <![CDATA[standard_user]]>
              </value>
            </param>
            <param index="1">
              <value>
                <![CDATA[secret_sauce]]>
              </value>
            </param>
          </params>
          <reporter-output>
          </reporter-output>
<<<<<<< HEAD
        </test-method> <!-- Testlogin -->
        <test-method signature="Testlogin(java.lang.String,java.lang.String)[pri:0, instance:com.sun.tests.LoginTest@5a772895]" started-at="2025-02-27T11:49:12 IST" name="Testlogin" data-provider="loginData" finished-at="2025-02-27T11:49:12 IST" duration-ms="567" status="FAIL">
=======
        </test-method> <!-- clickonAddcart -->
        <test-method signature="clickonAddcart(java.lang.String,java.lang.String,java.lang.String)[pri:0, instance:com.sun.tests.AddcartTest@54336c81]" started-at="2025-02-26T22:19:24 IST" name="clickonAddcart" data-provider="checkoutData" finished-at="2025-02-26T22:19:26 IST" duration-ms="2063" status="PASS">
>>>>>>> branch 'master' of https://github.com/Rakeshnkholi/Info.git
          <params>
            <param index="0">
              <value>
                <![CDATA[standard_user]]>
              </value>
            </param>
            <param index="1">
              <value>
                <![CDATA[secret_Rakesh]]>
              </value>
            </param>
          </params>
          <exception class="java.lang.AssertionError">
            <message>
              <![CDATA[The following asserts failed:
 Login Failed please enter correct details expected [https://www.saucedemo.com/inventory.html] but found [https://www.saucedemo.com/]]]>
            </message>
            <full-stacktrace>
              <![CDATA[java.lang.AssertionError: The following asserts failed:
 Login Failed please enter correct details expected [https://www.saucedemo.com/inventory.html] but found [https://www.saucedemo.com/]
at org.testng.asserts.SoftAssert.assertAll(SoftAssert.java:47)
at org.testng.asserts.SoftAssert.assertAll(SoftAssert.java:31)
at com.sun.tests.LoginTest.Testlogin(LoginTest.java:68)
at java.base/jdk.internal.reflect.DirectMethodHandleAccessor.invoke(DirectMethodHandleAccessor.java:103)
at java.base/java.lang.reflect.Method.invoke(Method.java:580)
at org.testng.internal.MethodInvocationHelper.invokeMethod(MethodInvocationHelper.java:133)
at org.testng.internal.TestInvoker.invokeMethod(TestInvoker.java:598)
at org.testng.internal.TestInvoker.invokeTestMethod(TestInvoker.java:173)
at org.testng.internal.MethodRunner.runInSequence(MethodRunner.java:46)
at org.testng.internal.TestInvoker$MethodInvocationAgent.invoke(TestInvoker.java:824)
at org.testng.internal.TestInvoker.invokeTestMethods(TestInvoker.java:146)
at org.testng.internal.TestMethodWorker.invokeTestMethods(TestMethodWorker.java:146)
at org.testng.internal.TestMethodWorker.run(TestMethodWorker.java:128)
at java.base/java.util.ArrayList.forEach(ArrayList.java:1596)
at org.testng.TestRunner.privateRun(TestRunner.java:794)
at org.testng.TestRunner.run(TestRunner.java:596)
at org.testng.SuiteRunner.runTest(SuiteRunner.java:377)
at org.testng.SuiteRunner.runSequentially(SuiteRunner.java:371)
at org.testng.SuiteRunner.privateRun(SuiteRunner.java:332)
at org.testng.SuiteRunner.run(SuiteRunner.java:276)
at org.testng.SuiteRunnerWorker.runSuite(SuiteRunnerWorker.java:53)
at org.testng.SuiteRunnerWorker.run(SuiteRunnerWorker.java:96)
at org.testng.TestNG.runSuitesSequentially(TestNG.java:1212)
at org.testng.TestNG.runSuitesLocally(TestNG.java:1134)
at org.testng.TestNG.runSuites(TestNG.java:1063)
at org.testng.TestNG.run(TestNG.java:1031)
at org.testng.remote.AbstractRemoteTestNG.run(AbstractRemoteTestNG.java:115)
at org.testng.remote.RemoteTestNG.initAndRun(RemoteTestNG.java:293)
at org.testng.remote.RemoteTestNG.main(RemoteTestNG.java:91)
]]>
            </full-stacktrace>
          </exception> <!-- java.lang.AssertionError -->
          <reporter-output>
          </reporter-output>
<<<<<<< HEAD
        </test-method> <!-- Testlogin -->
        <test-method is-config="true" signature="tearDown()[pri:0, instance:com.sun.tests.LoginTest@5a772895]" started-at="2025-02-27T11:49:12 IST" name="tearDown" finished-at="2025-02-27T11:49:12 IST" duration-ms="3" status="PASS">
=======
        </test-method> <!-- clickonAddcart -->
        <test-method signature="clickonAddcart(java.lang.String,java.lang.String,java.lang.String)[pri:0, instance:com.sun.tests.AddcartTest@54336c81]" started-at="2025-02-26T22:19:26 IST" name="clickonAddcart" data-provider="checkoutData" finished-at="2025-02-26T22:19:28 IST" duration-ms="2095" status="PASS">
          <params>
            <param index="0">
              <value>
                <![CDATA[MoRak]]>
              </value>
            </param>
            <param index="1">
              <value>
                <![CDATA[Nair]]>
              </value>
            </param>
            <param index="2">
              <value>
                <![CDATA[570026]]>
              </value>
            </param>
          </params>
          <reporter-output>
          </reporter-output>
        </test-method> <!-- clickonAddcart -->
        <test-method is-config="true" signature="tearDown()[pri:0, instance:com.sun.tests.AddcartTest@54336c81]" started-at="2025-02-26T22:19:28 IST" name="tearDown" finished-at="2025-02-26T22:19:28 IST" duration-ms="277" status="PASS">
>>>>>>> branch 'master' of https://github.com/Rakeshnkholi/Info.git
          <reporter-output>
          </reporter-output>
        </test-method> <!-- tearDown -->
      </class> <!-- com.sun.tests.LoginTest -->
    </test> <!-- Default test -->
  </suite> <!-- Default suite -->
</testng-results>
